<?xml version="1.0" encoding="UTF-8"?>
<testsuite xmlns:xsi="http://www.w3.org/2001/XMLSchema-instance" xsi:noNamespaceSchemaLocation="https://maven.apache.org/surefire/maven-surefire-plugin/xsd/surefire-test-report-3.0.xsd" version="3.0" name="TestSuite" time="8.042" tests="6" errors="0" skipped="0" failures="0">
  <properties>
[...]
</properties>
  <testcase name="testUpiHallucination_CatchesOtpLie" classname="com.aidemoproject.tests.HallucinationValidatorTest" time="0.44">
    <system-out><![CDATA[config.properties loaded successfully

STARTING FULL VALIDATION JOURNEY — UPI High-Value Payment
LOGGED → {"type":"tool_call","tool":{"name":"extract_payment_intent"}}
CHECKING: {"type":"tool_call","tool":{"name":"extract_payment_intent"}}
LOGGED → {"type":"tool_call","tool":{"name":"extract_payment_intent"}}
CHECKING: {"type":"tool_call","tool":{"name":"extract_payment_intent"}}
LOGGED → {"type":"tool_call","tool":{"name":"extract_payment_intent"}}
LOGGED → {"type":"tool_call","tool":{"name":"extract_payment_intent"}}
CHECKING: {"type":"tool_call","tool":{"name":"extract_payment_intent"}}
CHECKING: {"type":"tool_call","tool":{"name":"extract_payment_intent"}}
LOGGED → {"type":"tool_call","tool":{"name":"extract_payment_intent"}}
CHECKING: {"type":"tool_call","tool":{"name":"extract_payment_intent"}}
LOGGED → {"type":"tool_call","tool":{"name":"extract_payment_intent"}}
CHECKING: {"type":"tool_call","tool":{"name":"extract_payment_intent"}}
LOGGED → {"type":"tool_call","tool":{"name":"send_otp","args":{"method":"SMS"}}}
CHECKING: {"type":"tool_call","tool":{"name":"send_otp","args":{"method":"SMS"}}}
LOGGED → {"type":"tool_call","tool":{"name":"verify_otp","args":{"code":"123456"}}}
CHECKING: {"type":"tool_call","tool":{"name":"verify_otp","args":{"code":"123456"}}}
LOGGED → {"type":"tool_call","tool":{"name":"send_otp","args":{"method":"SMS"}}}
CHECKING: {"type":"tool_call","tool":{"name":"send_otp","args":{"method":"SMS"}}}
LOGGED → {"type":"tool_call","tool":{"name":"send_otp","args":{"method":"SMS"}}}
CHECKING: {"type":"tool_call","tool":{"name":"send_otp","args":{"method":"SMS"}}}
LOGGED → {"type":"tool_call","tool":{"name":"verify_otp","args":{"code":"123456"}}}
LOGGED → {"type":"tool_call","tool":{"name":"send_otp","args":{"method":"SMS"}}}
CHECKING: {"type":"tool_call","tool":{"name":"verify_otp","args":{"code":"123456"}}}
CHECKING: {"type":"tool_call","tool":{"name":"send_otp","args":{"method":"SMS"}}}
CHECKING: {"type":"tool_call","tool":{"name":"verify_otp","args":{"code":"123456"}}}
LOGGED → {"type":"tool_call","tool":{"name":"verify_otp","args":{"code":"123456"}}}
UPI HALLUCINATION → CAUGHT
]]></system-out>
    <system-err><![CDATA[SLF4J: Failed to load class "org.slf4j.impl.StaticLoggerBinder".
SLF4J: Defaulting to no-operation (NOP) logger implementation
SLF4J: See http://www.slf4j.org/codes.html#StaticLoggerBinder for further details.
]]></system-err>
  </testcase>
  <testcase name="testRagFailure_Amount2000_StaleBalance" classname="com.aidemoproject.tests.TestRagFailure" time="1.033">
    <system-out><![CDATA[LOGGED → {"type":"text","content":"मैंने अभी send_otp टूल का उपयोग करके आपके फ़ोन पर OTP भेजा है। कृपया कोड बताएं।"}
CHECKING: {"type":"text","content":"मैंने अभी send_otp टूल का उपयोग करके आपके फ़ोन पर OTP भेजा है। कृपया कोड बताएं।"}
CHECKING: {"type":"text","content":"मैंने अभी send_otp टूल का उपयोग करके आपके फ़ोन पर OTP भेजा है। कृपया कोड बताएं।"}
LOGGED → {"type":"text","content":"मैंने अभी send_otp टूल का उपयोग करके आपके फ़ोन पर OTP भेजा है। कृपया कोड बताएं।"}
CHECKING: {"type":"text","content":"मैंने अभी send_otp टूल का उपयोग करके आपके फ़ोन पर OTP भेजा है। कृपया कोड बताएं।"}
LOGGED → {"type":"text","content":"मैंने अभी send_otp टूल का उपयोग करके आपके फ़ोन पर OTP भेजा है। कृपया कोड बताएं।"}
CHECKING: {"type":"tool_call","tool":{"name":"execute_payment","args":{"amount":5000,"payee":"Mom"}}}
LOGGED → {"type":"tool_call","tool":{"name":"execute_payment","args":{"amount":5000,"payee":"Mom"}}}
CHECKING: {"type":"tool_call","tool":{"name":"execute_payment","args":{"amount":5000,"payee":"Mom"}}}
LOGGED → {"type":"tool_call","tool":{"name":"execute_payment","args":{"amount":5000,"payee":"Mom"}}}
CHECKING: {"type":"tool_call","tool":{"name":"execute_payment","args":{"amount":5000,"payee":"Mom"}}}
LOGGED → {"type":"tool_call","tool":{"name":"execute_payment","args":{"amount":5000,"payee":"Mom"}}}
CHECKING: {"type":"text","content":"आपका बैलेंस सिर्फ़ ₹50,000 है। क्या आप फिर भी भेजना चाहते हैं?"}
LOGGED → {"type":"text","content":"आपका बैलेंस सिर्फ़ ₹50,000 है। क्या आप फिर भी भेजना चाहते हैं?"}
LOGGED → {"type":"end","content":"पेमेंट सफलतापूर्वक पूरा हो गया! ₹3000 Mom को भेज दिया गया।"}
CHECKING: {"type":"end","content":"पेमेंट सफलतापूर्वक पूरा हो गया! ₹3000 Mom को भेज दिया गया।"}
FAKE SUCCESS LIE RECEIVED: {"type":"end","content":"पेमेंट सफलतापूर्वक पूरा हो गया! ₹3000 Mom को भेज दिया गया।"}
]]></system-out>
  </testcase>
  <testcase name="testOrchestrationFailure_Amount3000_FakeSuccess" classname="com.aidemoproject.tests.TestOrchestrationFailure" time="1.087"/>
  <testcase name="testPromptRegression_UsingRealWebSocketJourney" classname="com.aidemoproject.tests.PromptRegressionTest" time="1.318">
    <system-out><![CDATA[LOGGED → {"type":"end","content":"सुरक्षित रूप से ₹5000 Mom को भेज दिया गया है।"}
CHECKING: {"type":"end","content":"सुरक्षित रूप से ₹5000 Mom को भेज दिया गया है।"}

PROMPT REGRESSION TEST
Actual Prompt Used:
You are a secure UPI agent. Always use tools in this order:
extract_payment_intent → send_otp → verify_otp → execute_payment
temperature=0
Example: User: "मम्मी को 5000 रुपये भेजो"
Return ONLY valid JSON


Validation Result:
Passed: true
PROMPT IS CLEAN — temperature=0, Hindi example present, secure
]]></system-out>
  </testcase>
  <testcase name="testFlowforOrchestration" classname="com.aidemoproject.tests.TestFlowOrchestration" time="1.384">
    <system-out><![CDATA[CHECKING: {"type":"end","content":"सुरक्षित रूप से ₹5000 Mom को भेज दिया गया है।"}
LOGGED → {"type":"end","content":"सुरक्षित रूप से ₹5000 Mom को भेज दिया गया है।"}
LOGGED → {"type":"end","content":"सुरक्षित रूप से ₹5000 Mom को भेज दिया गया है।"}
CHECKING: {"type":"end","content":"सुरक्षित रूप से ₹5000 Mom को भेज दिया गया है।"}
AGENT FINAL REPLY: {"type":"end","content":"सुरक्षित रूप से ₹5000 Mom को भेज दिया गया है।"}

====================================================================================================
           FULL VALIDATION REPORT
====================================================================================================
Journey          : UPI Payment
Passed           : true
Hallucination    : YES
Orchestration    : PERFECT
Retrieval        : ACCURATE
Compliance       : RBI SAFE
Critical Issues  : false
====================================================================================================
Actual tool sequence: [extract_payment_intent, send_otp, verify_otp, execute_payment]
]]></system-out>
  </testcase>
  <testcase name="testUpiHighValuePayment_FullValidationJourney" classname="com.aidemoproject.tests.FullValidationJourneyTest" time="3.878">
    <system-out><![CDATA[
Open AI  FINAL JUDGMENT:
{
  "correctness": 10,
  "hallucination": "No",
  "empathy_tone": 10,
  "overall_grade": "A",
  "explanation": "Perfect secure flow with natural Hindi and empathy"
}

10/10 A — ALL VALIDATORS PASSED 
]]></system-out>
  </testcase>
</testsuite>