<?xml version="1.0" encoding="UTF-8"?>
<!-- Generated by org.testng.reporters.JUnitReportReporter -->
<testsuite hostname="runnervmoqczp" failures="0" tests="1" name="com.aidemoproject.tests.FullValidationJourneyTest" time="4.076" errors="0" timestamp="2025-12-09T14:15:54 UTC" skipped="0">
  <testcase classname="com.aidemoproject.tests.FullValidationJourneyTest" name="testUpiHighValuePayment_FullValidationJourney" time="4.076"/>
</testsuite> <!-- com.aidemoproject.tests.FullValidationJourneyTest -->
