<?xml version="1.0" encoding="UTF-8"?>
<!-- Generated by org.testng.reporters.JUnitReportReporter -->
<testsuite hostname="runnervmoqczp" failures="0" tests="1" name="com.aidemoproject.tests.TestOrchestrationFailure" time="1.299" errors="0" timestamp="2025-12-09T14:15:54 UTC" skipped="0">
  <testcase classname="com.aidemoproject.tests.TestOrchestrationFailure" name="testOrchestrationFailure_Amount3000_FakeSuccess" time="1.299"/>
</testsuite> <!-- com.aidemoproject.tests.TestOrchestrationFailure -->
